[21:58:46] [info] VEIM: Creating Window VeiM Editor (800, 600)
[21:58:46] [info] VEIM: [GLFW] GLFW Init
[21:58:46] [info] VEIM: OpenGL Info:
[21:58:46] [info] VEIM:     Vendor: NVIDIA Corporation
[21:58:46] [info] VEIM:     Renderer: NVIDIA GeForce GTX 1060 6GB/PCIe/SSE2
[21:58:46] [info] VEIM:     Version: 4.6.0 NVIDIA 566.03
[21:58:46] [trace] VEIM: [GLFW] VSync enabled
[21:58:47] [trace] VEIM: [GLFW] Raw mouse motion enabled
[21:59:06] [info] VEIM: Window resize: 816 | 669
[21:59:06] [info] VEIM: Window resize: 816 | 668
[21:59:06] [info] VEIM: Window resize: 816 | 666
[21:59:06] [info] VEIM: Window resize: 816 | 665
[21:59:06] [info] VEIM: Window resize: 816 | 663
[21:59:06] [info] VEIM: Window resize: 816 | 662
[21:59:06] [info] VEIM: Window resize: 816 | 660
[21:59:06] [info] VEIM: Window resize: 816 | 658
[21:59:06] [info] VEIM: Window resize: 816 | 655
[21:59:06] [info] VEIM: Window resize: 816 | 653
[21:59:06] [info] VEIM: Window resize: 816 | 651
[21:59:06] [info] VEIM: Window resize: 816 | 649
[21:59:06] [info] VEIM: Window resize: 816 | 647
[21:59:06] [info] VEIM: Window resize: 816 | 646
[21:59:06] [info] VEIM: Window resize: 816 | 645
[21:59:06] [info] VEIM: Window resize: 816 | 644
[21:59:06] [info] VEIM: Window resize: 816 | 643
[21:59:06] [info] VEIM: Window resize: 816 | 642
[21:59:07] [info] VEIM: Window resize: 816 | 641
[21:59:07] [info] VEIM: Window resize: 816 | 642
[21:59:07] [info] VEIM: Window resize: 816 | 643
[21:59:07] [info] VEIM: Window resize: 816 | 645
[21:59:07] [info] VEIM: Window resize: 816 | 647
[21:59:07] [info] VEIM: Window resize: 816 | 649
[21:59:07] [info] VEIM: Window resize: 816 | 651
[21:59:07] [info] VEIM: Window resize: 816 | 653
[21:59:07] [info] VEIM: Window resize: 816 | 655
[21:59:07] [info] VEIM: Window resize: 816 | 658
[21:59:07] [info] VEIM: Window resize: 816 | 660
[21:59:07] [info] VEIM: Window resize: 816 | 663
[21:59:07] [info] VEIM: Window resize: 816 | 665
[21:59:07] [info] VEIM: Window resize: 816 | 667
[21:59:07] [info] VEIM: Window resize: 816 | 669
[21:59:07] [info] VEIM: Window resize: 816 | 670
[21:59:07] [info] VEIM: Window resize: 816 | 671
[21:59:07] [info] VEIM: Window resize: 816 | 672
[21:59:07] [info] VEIM: Window resize: 816 | 673
[21:59:28] [info] VEIM: Window resize: 1928 | 1052
[21:59:29] [info] VEIM: Window resize: 816 | 673
